17:09:19.418 [main] INFO  testCases.TC_004_login - Get the details of all Honda bikes.....
10:53:52.376 [main] INFO  testCases.TC_004_login - Upcoming bikes displayed.....
10:54:19.088 [main] INFO  testCases.TC_004_login - Honda bikes are displayed.....
10:54:22.085 [main] INFO  testCases.TC_004_login - Click on view more bikes.....
10:54:39.328 [main] INFO  testCases.TC_004_login - Get the details of all Honda bikes.....
10:54:52.619 [main] INFO  testCases.TC_004_login - Go to used cars model in chennai.....
10:54:58.561 [main] INFO  testCases.TC_004_login - Print all the popular model.....
10:55:20.086 [main] INFO  testCases.TC_004_login - Login with invaild email id.....
11:03:23.076 [main] INFO  testCases.TC_004_login - Upcoming bikes displayed.....
11:03:35.066 [main] INFO  testCases.TC_004_login - Honda bikes are displayed.....
11:03:39.189 [main] INFO  testCases.TC_004_login - Click on view more bikes.....
11:04:02.940 [main] INFO  testCases.TC_004_login - Print all the popular model.....
11:04:26.451 [main] INFO  testCases.TC_004_login - Login with invaild email id.....
11:08:55.284 [main] INFO  testCases.TC_004_login - Upcoming bikes displayed.....
11:09:05.604 [main] INFO  testCases.TC_004_login - Go to used cars model in chennai.....
11:09:49.455 [main] INFO  testCases.TC_004_login - Get the details of all Honda bikes.....
11:10:01.169 [main] INFO  testCases.TC_004_login - Login with invaild email id.....
11:12:44.900 [main] INFO  testCases.TC_004_login - Upcoming bikes displayed.....
11:12:49.133 [main] INFO  testCases.TC_004_login - Honda bikes are displayed.....
11:12:51.037 [main] INFO  testCases.TC_004_login - Click on view more bikes.....
11:13:16.650 [main] INFO  testCases.TC_004_login - Print all the popular model.....
11:13:29.903 [main] INFO  testCases.TC_004_login - Login with invaild email id.....
11:19:37.685 [main] INFO  testCases.TC_004_login - Upcoming bikes displayed.....
11:20:02.692 [main] INFO  testCases.TC_004_login - Honda bikes are displayed.....
11:20:05.139 [main] INFO  testCases.TC_004_login - Click on view more bikes.....
11:20:21.917 [main] INFO  testCases.TC_004_login - Get the details of all Honda bikes.....
11:20:56.339 [main] INFO  testCases.TC_004_login - Go to used cars model in chennai.....
11:21:04.174 [main] INFO  testCases.TC_004_login - Print all the popular model.....
11:21:14.970 [main] INFO  testCases.TC_004_login - Login with invaild email id.....
11:54:18.285 [main] INFO  testCases.TC_004_login - Upcoming bikes displayed.....
11:54:24.859 [main] INFO  testCases.TC_004_login - Honda bikes are displayed.....
11:54:28.666 [main] INFO  testCases.TC_004_login - Click on view more bikes.....
11:54:48.957 [main] INFO  testCases.TC_004_login - Upcoming bikes displayed.....
11:59:30.537 [main] INFO  testCases.TC_004_login - Upcoming bikes displayed.....
11:59:37.411 [main] INFO  testCases.TC_004_login - Honda bikes are displayed.....
11:59:39.576 [main] INFO  testCases.TC_004_login - Click on view more bikes.....
12:00:03.624 [main] INFO  testCases.TC_004_login - Print all the popular model.....
12:00:13.842 [main] INFO  testCases.TC_004_login - Login with invaild email id.....
12:10:27.636 [main] INFO  testCases.TC_004_login - Upcoming bikes displayed.....
12:10:49.972 [main] INFO  testCases.TC_004_login - Honda bikes are displayed.....
12:10:52.665 [main] INFO  testCases.TC_004_login - Click on view more bikes.....
12:11:16.506 [main] INFO  testCases.TC_004_login - Print all the popular model.....
12:11:28.056 [main] INFO  testCases.TC_004_login - Login with invaild email id.....
12:14:42.338 [main] INFO  testCases.TC_004_login - Upcoming bikes displayed.....
12:15:09.837 [main] INFO  testCases.TC_004_login - Honda bikes are displayed.....
12:15:12.132 [main] INFO  testCases.TC_004_login - Click on view more bikes.....
12:15:38.213 [main] INFO  testCases.TC_004_login - Print all the popular model.....
12:15:47.836 [main] INFO  testCases.TC_004_login - Login with invaild email id.....
12:23:16.957 [main] INFO  testCases.TC_004_login - Upcoming bikes displayed.....
12:23:52.953 [main] INFO  testCases.TC_004_login - Get the details of all Honda bikes.....
12:24:26.297 [main] INFO  testCases.TC_004_login - Go to used cars model in chennai.....
12:26:45.100 [main] INFO  testCases.TC_004_login - Upcoming bikes displayed.....
12:27:14.300 [main] INFO  testCases.TC_004_login - Honda bikes are displayed.....
12:27:15.771 [main] INFO  testCases.TC_004_login - Click on view more bikes.....
12:27:32.500 [main] INFO  testCases.TC_004_login - Print all the popular model.....
12:27:41.349 [main] INFO  testCases.TC_004_login - Login with invaild email id.....
12:31:31.560 [main] INFO  testCases.TC_001_zigwheelsHome - Upcoming bikes displayed.....
12:32:05.918 [main] INFO  testCases.TC_001_zigwheelsHome - Honda bikes are displayed.....
12:35:04.567 [main] INFO  testCases.TC_004_login - Upcoming bikes displayed.....
12:35:22.773 [main] INFO  testCases.TC_004_login - Honda bikes are displayed.....
